2022-03-30 14:25:42.339  INFO 27052 --- [main] c.e.p.PostServiceApplicationTests        : Starting PostServiceApplicationTests using Java 1.8.0_261 on MAVCHN0821151 with PID 27052 (started by divyabharathic in C:\Users\divyabharathic\Documents\Trainingdocuments\SpringAssesment_test\SpringFinaldemo\post-service\post-service)
2022-03-30 14:25:42.341  INFO 27052 --- [main] c.e.p.PostServiceApplicationTests        : No active profile set, falling back to 1 default profile: "default"
2022-03-30 14:25:43.048  INFO 27052 --- [main] .s.d.r.c.RepositoryConfigurationDelegate : Bootstrapping Spring Data MongoDB repositories in DEFAULT mode.
2022-03-30 14:25:43.270  INFO 27052 --- [main] .s.d.r.c.RepositoryConfigurationDelegate : Finished Spring Data repository scanning in 213 ms. Found 1 MongoDB repository interfaces.
2022-03-30 14:25:43.608  INFO 27052 --- [main] o.s.cloud.context.scope.GenericScope     : BeanFactory id=7588ae94-aaf1-378b-8ce8-5b7ebd4b16b5
2022-03-30 14:25:44.425  INFO 27052 --- [main] org.mongodb.driver.cluster               : Cluster created with settings {hosts=[localhost:27017], mode=SINGLE, requiredClusterType=UNKNOWN, serverSelectionTimeout='30000 ms'}
2022-03-30 14:25:44.539  INFO 27052 --- [cluster-rtt-ClusterId{value='62441b106ac08b54f3113b9c', description='null'}-localhost:27017] org.mongodb.driver.connection            : Opened connection [connectionId{localValue:2, serverValue:32}] to localhost:27017
2022-03-30 14:25:44.539  INFO 27052 --- [cluster-ClusterId{value='62441b106ac08b54f3113b9c', description='null'}-localhost:27017] org.mongodb.driver.connection            : Opened connection [connectionId{localValue:1, serverValue:31}] to localhost:27017
2022-03-30 14:25:44.540  INFO 27052 --- [cluster-ClusterId{value='62441b106ac08b54f3113b9c', description='null'}-localhost:27017] org.mongodb.driver.cluster               : Monitor thread successfully connected to server with description ServerDescription{address=localhost:27017, type=STANDALONE, state=CONNECTED, ok=true, minWireVersion=0, maxWireVersion=13, maxDocumentSize=16777216, logicalSessionTimeoutMinutes=30, roundTripTimeNanos=20446400}
2022-03-30 14:25:44.599  WARN 27052 --- [main] o.s.data.convert.CustomConversions       : Registering converter from class java.time.LocalDateTime to class org.joda.time.LocalDateTime as reading converter although it doesn't convert from a store-supported type! You might want to check your annotation setup at the converter implementation.
2022-03-30 14:25:44.803  WARN 27052 --- [main] o.s.data.convert.CustomConversions       : Registering converter from class java.time.LocalDateTime to class org.joda.time.LocalDateTime as reading converter although it doesn't convert from a store-supported type! You might want to check your annotation setup at the converter implementation.
2022-03-30 14:25:45.316  INFO 27052 --- [main] o.s.c.openfeign.FeignClientFactoryBean   : For 'comment-service' URL not provided. Will try picking an instance via load-balancing.
2022-03-30 14:25:45.472  INFO 27052 --- [main] o.s.c.openfeign.FeignClientFactoryBean   : For 'like-service' URL not provided. Will try picking an instance via load-balancing.
2022-03-30 14:25:45.509  INFO 27052 --- [main] o.s.c.openfeign.FeignClientFactoryBean   : For 'user-service' URL not provided. Will try picking an instance via load-balancing.
2022-03-30 14:25:47.379  INFO 27052 --- [main] DiscoveryClientOptionalArgsConfiguration : Eureka HTTP Client uses RestTemplate.
2022-03-30 14:25:48.136  WARN 27052 --- [main] iguration$LoadBalancerCaffeineWarnLogger : Spring Cloud LoadBalancer is currently working with the default cache. While this cache implementation is useful for development and tests, it's recommended to use Caffeine cache in production.You can switch to using Caffeine cache, by adding it and org.springframework.cache.caffeine.CaffeineCacheManager to the classpath.
2022-03-30 14:25:48.180  INFO 27052 --- [main] o.s.c.n.eureka.InstanceInfoFactory       : Setting initial instance status as: STARTING
2022-03-30 14:25:48.355  INFO 27052 --- [main] com.netflix.discovery.DiscoveryClient    : Initializing Eureka in region us-east-1
2022-03-30 14:25:48.367  INFO 27052 --- [main] c.n.d.s.r.aws.ConfigClusterResolver      : Resolving eureka endpoints via configuration
2022-03-30 14:25:48.435  INFO 27052 --- [main] com.netflix.discovery.DiscoveryClient    : Disable delta property : false
2022-03-30 14:25:48.435  INFO 27052 --- [main] com.netflix.discovery.DiscoveryClient    : Single vip registry refresh property : null
2022-03-30 14:25:48.436  INFO 27052 --- [main] com.netflix.discovery.DiscoveryClient    : Force full registry fetch : false
2022-03-30 14:25:48.436  INFO 27052 --- [main] com.netflix.discovery.DiscoveryClient    : Application is null : false
2022-03-30 14:25:48.437  INFO 27052 --- [main] com.netflix.discovery.DiscoveryClient    : Registered Applications size is zero : true
2022-03-30 14:25:48.437  INFO 27052 --- [main] com.netflix.discovery.DiscoveryClient    : Application version is -1: true
2022-03-30 14:25:48.437  INFO 27052 --- [main] com.netflix.discovery.DiscoveryClient    : Getting all instance registry info from the eureka server
2022-03-30 14:25:50.078  INFO 27052 --- [main] com.netflix.discovery.DiscoveryClient    : The response status is 200
2022-03-30 14:25:50.087  INFO 27052 --- [main] com.netflix.discovery.DiscoveryClient    : Starting heartbeat executor: renew interval is: 30
2022-03-30 14:25:50.094  INFO 27052 --- [main] c.n.discovery.InstanceInfoReplicator     : InstanceInfoReplicator onDemand update allowed rate per min is 4
2022-03-30 14:25:50.107  INFO 27052 --- [main] com.netflix.discovery.DiscoveryClient    : Discovery Client initialized at timestamp 1648630550102 with initial instances count: 1
2022-03-30 14:25:50.116  INFO 27052 --- [main] o.s.c.n.e.s.EurekaServiceRegistry        : Registering application POST-SERVICE with eureka with status UP
2022-03-30 14:25:50.119  INFO 27052 --- [main] com.netflix.discovery.DiscoveryClient    : Saw local status change event StatusChangeEvent [timestamp=1648630550119, current=UP, previous=STARTING]
2022-03-30 14:25:50.122  INFO 27052 --- [DiscoveryClient-InstanceInfoReplicator-0] com.netflix.discovery.DiscoveryClient    : DiscoveryClient_POST-SERVICE/MAVCHN0821151.mavericsystems.lan:post-service:3010: registering service...
2022-03-30 14:25:50.140  INFO 27052 --- [main] c.e.p.PostServiceApplicationTests        : Started PostServiceApplicationTests in 8.569 seconds (JVM running for 9.585)
2022-03-30 14:25:50.197  INFO 27052 --- [DiscoveryClient-InstanceInfoReplicator-0] com.netflix.discovery.DiscoveryClient    : DiscoveryClient_POST-SERVICE/MAVCHN0821151.mavericsystems.lan:post-service:3010 - registration status: 204
2022-03-30 14:25:50.618  INFO 27052 --- [SpringApplicationShutdownHook] o.s.c.n.e.s.EurekaServiceRegistry        : Unregistering application POST-SERVICE with eureka with status DOWN
2022-03-30 14:25:50.618  INFO 27052 --- [SpringApplicationShutdownHook] com.netflix.discovery.DiscoveryClient    : Saw local status change event StatusChangeEvent [timestamp=1648630550618, current=DOWN, previous=UP]
2022-03-30 14:25:50.618  INFO 27052 --- [DiscoveryClient-InstanceInfoReplicator-0] com.netflix.discovery.DiscoveryClient    : DiscoveryClient_POST-SERVICE/MAVCHN0821151.mavericsystems.lan:post-service:3010: registering service...
2022-03-30 14:25:50.625  INFO 27052 --- [DiscoveryClient-InstanceInfoReplicator-0] com.netflix.discovery.DiscoveryClient    : DiscoveryClient_POST-SERVICE/MAVCHN0821151.mavericsystems.lan:post-service:3010 - registration status: 204
2022-03-30 14:25:50.630  INFO 27052 --- [SpringApplicationShutdownHook] com.netflix.discovery.DiscoveryClient    : Shutting down DiscoveryClient ...
2022-03-30 14:25:53.638  INFO 27052 --- [SpringApplicationShutdownHook] com.netflix.discovery.DiscoveryClient    : Unregistering ...
2022-03-30 14:25:53.658  INFO 27052 --- [SpringApplicationShutdownHook] com.netflix.discovery.DiscoveryClient    : DiscoveryClient_POST-SERVICE/MAVCHN0821151.mavericsystems.lan:post-service:3010 - deregister  status: 200
2022-03-30 14:25:53.668  INFO 27052 --- [SpringApplicationShutdownHook] com.netflix.discovery.DiscoveryClient    : Completed shut down of DiscoveryClient
2022-03-30 14:26:42.006  INFO 27352 --- [restartedMain] c.e.postservice.PostServiceApplication   : Starting PostServiceApplication using Java 1.8.0_261 on MAVCHN0821151 with PID 27352 (C:\Users\divyabharathic\Documents\Trainingdocuments\SpringAssesment_test\SpringFinaldemo\post-service\post-service\target\classes started by divyabharathic in C:\Users\divyabharathic\Documents\Trainingdocuments\SpringAssesment_test\SpringFinaldemo\post-service)
2022-03-30 14:26:42.008  INFO 27352 --- [restartedMain] c.e.postservice.PostServiceApplication   : No active profile set, falling back to 1 default profile: "default"
2022-03-30 14:26:42.099  INFO 27352 --- [restartedMain] .e.DevToolsPropertyDefaultsPostProcessor : Devtools property defaults active! Set 'spring.devtools.add-properties' to 'false' to disable
2022-03-30 14:26:42.100  INFO 27352 --- [restartedMain] .e.DevToolsPropertyDefaultsPostProcessor : For additional web related logging consider setting the 'logging.level.web' property to 'DEBUG'
2022-03-30 14:26:43.659  INFO 27352 --- [restartedMain] .s.d.r.c.RepositoryConfigurationDelegate : Bootstrapping Spring Data MongoDB repositories in DEFAULT mode.
2022-03-30 14:26:43.935  INFO 27352 --- [restartedMain] .s.d.r.c.RepositoryConfigurationDelegate : Finished Spring Data repository scanning in 266 ms. Found 1 MongoDB repository interfaces.
2022-03-30 14:26:44.420  INFO 27352 --- [restartedMain] o.s.cloud.context.scope.GenericScope     : BeanFactory id=dbac587b-0bac-3065-8b9c-08b611d611c9
2022-03-30 14:26:45.516  INFO 27352 --- [restartedMain] o.s.b.w.embedded.tomcat.TomcatWebServer  : Tomcat initialized with port(s): 3010 (http)
2022-03-30 14:26:45.526  INFO 27352 --- [restartedMain] o.apache.catalina.core.StandardService   : Starting service [Tomcat]
2022-03-30 14:26:45.527  INFO 27352 --- [restartedMain] org.apache.catalina.core.StandardEngine  : Starting Servlet engine: [Apache Tomcat/9.0.58]
2022-03-30 14:26:45.663  INFO 27352 --- [restartedMain] o.a.c.c.C.[Tomcat].[localhost].[/]       : Initializing Spring embedded WebApplicationContext
2022-03-30 14:26:45.663  INFO 27352 --- [restartedMain] w.s.c.ServletWebServerApplicationContext : Root WebApplicationContext: initialization completed in 3562 ms
2022-03-30 14:26:45.876  INFO 27352 --- [restartedMain] org.mongodb.driver.cluster               : Cluster created with settings {hosts=[localhost:27017], mode=SINGLE, requiredClusterType=UNKNOWN, serverSelectionTimeout='30000 ms'}
2022-03-30 14:26:45.950  INFO 27352 --- [cluster-rtt-ClusterId{value='62441b4dc9a04325abcbf34c', description='null'}-localhost:27017] org.mongodb.driver.connection            : Opened connection [connectionId{localValue:2, serverValue:34}] to localhost:27017
2022-03-30 14:26:45.950  INFO 27352 --- [cluster-ClusterId{value='62441b4dc9a04325abcbf34c', description='null'}-localhost:27017] org.mongodb.driver.connection            : Opened connection [connectionId{localValue:1, serverValue:33}] to localhost:27017
2022-03-30 14:26:45.950  INFO 27352 --- [cluster-ClusterId{value='62441b4dc9a04325abcbf34c', description='null'}-localhost:27017] org.mongodb.driver.cluster               : Monitor thread successfully connected to server with description ServerDescription{address=localhost:27017, type=STANDALONE, state=CONNECTED, ok=true, minWireVersion=0, maxWireVersion=13, maxDocumentSize=16777216, logicalSessionTimeoutMinutes=30, roundTripTimeNanos=27212100}
2022-03-30 14:26:46.026  WARN 27352 --- [restartedMain] o.s.data.convert.CustomConversions       : Registering converter from class java.time.LocalDateTime to class org.joda.time.LocalDateTime as reading converter although it doesn't convert from a store-supported type! You might want to check your annotation setup at the converter implementation.
2022-03-30 14:26:46.119  WARN 27352 --- [restartedMain] o.s.b.d.a.OptionalLiveReloadServer       : Unable to start LiveReload server
2022-03-30 14:26:46.194  WARN 27352 --- [restartedMain] o.s.data.convert.CustomConversions       : Registering converter from class java.time.LocalDateTime to class org.joda.time.LocalDateTime as reading converter although it doesn't convert from a store-supported type! You might want to check your annotation setup at the converter implementation.
2022-03-30 14:26:46.558  INFO 27352 --- [restartedMain] o.s.c.openfeign.FeignClientFactoryBean   : For 'comment-service' URL not provided. Will try picking an instance via load-balancing.
2022-03-30 14:26:46.654  INFO 27352 --- [restartedMain] o.s.c.openfeign.FeignClientFactoryBean   : For 'like-service' URL not provided. Will try picking an instance via load-balancing.
2022-03-30 14:26:46.679  INFO 27352 --- [restartedMain] o.s.c.openfeign.FeignClientFactoryBean   : For 'user-service' URL not provided. Will try picking an instance via load-balancing.
2022-03-30 14:26:47.639  INFO 27352 --- [restartedMain] DiscoveryClientOptionalArgsConfiguration : Eureka HTTP Client uses RestTemplate.
2022-03-30 14:26:48.248  WARN 27352 --- [restartedMain] iguration$LoadBalancerCaffeineWarnLogger : Spring Cloud LoadBalancer is currently working with the default cache. While this cache implementation is useful for development and tests, it's recommended to use Caffeine cache in production.You can switch to using Caffeine cache, by adding it and org.springframework.cache.caffeine.CaffeineCacheManager to the classpath.
2022-03-30 14:26:48.274  INFO 27352 --- [restartedMain] o.s.c.n.eureka.InstanceInfoFactory       : Setting initial instance status as: STARTING
2022-03-30 14:26:48.341  INFO 27352 --- [restartedMain] com.netflix.discovery.DiscoveryClient    : Initializing Eureka in region us-east-1
2022-03-30 14:26:48.348  INFO 27352 --- [restartedMain] c.n.d.s.r.aws.ConfigClusterResolver      : Resolving eureka endpoints via configuration
2022-03-30 14:26:48.373  INFO 27352 --- [restartedMain] com.netflix.discovery.DiscoveryClient    : Disable delta property : false
2022-03-30 14:26:48.373  INFO 27352 --- [restartedMain] com.netflix.discovery.DiscoveryClient    : Single vip registry refresh property : null
2022-03-30 14:26:48.373  INFO 27352 --- [restartedMain] com.netflix.discovery.DiscoveryClient    : Force full registry fetch : false
2022-03-30 14:26:48.373  INFO 27352 --- [restartedMain] com.netflix.discovery.DiscoveryClient    : Application is null : false
2022-03-30 14:26:48.373  INFO 27352 --- [restartedMain] com.netflix.discovery.DiscoveryClient    : Registered Applications size is zero : true
2022-03-30 14:26:48.374  INFO 27352 --- [restartedMain] com.netflix.discovery.DiscoveryClient    : Application version is -1: true
2022-03-30 14:26:48.374  INFO 27352 --- [restartedMain] com.netflix.discovery.DiscoveryClient    : Getting all instance registry info from the eureka server
2022-03-30 14:26:49.236  INFO 27352 --- [restartedMain] com.netflix.discovery.DiscoveryClient    : The response status is 200
2022-03-30 14:26:49.239  INFO 27352 --- [restartedMain] com.netflix.discovery.DiscoveryClient    : Starting heartbeat executor: renew interval is: 30
2022-03-30 14:26:49.242  INFO 27352 --- [restartedMain] c.n.discovery.InstanceInfoReplicator     : InstanceInfoReplicator onDemand update allowed rate per min is 4
2022-03-30 14:26:49.249  INFO 27352 --- [restartedMain] com.netflix.discovery.DiscoveryClient    : Discovery Client initialized at timestamp 1648630609247 with initial instances count: 1
2022-03-30 14:26:49.251  INFO 27352 --- [restartedMain] o.s.c.n.e.s.EurekaServiceRegistry        : Registering application POST-SERVICE with eureka with status UP
2022-03-30 14:26:49.252  INFO 27352 --- [restartedMain] com.netflix.discovery.DiscoveryClient    : Saw local status change event StatusChangeEvent [timestamp=1648630609252, current=UP, previous=STARTING]
2022-03-30 14:26:49.255  INFO 27352 --- [DiscoveryClient-InstanceInfoReplicator-0] com.netflix.discovery.DiscoveryClient    : DiscoveryClient_POST-SERVICE/MAVCHN0821151.mavericsystems.lan:post-service:3010: registering service...
2022-03-30 14:26:49.286  INFO 27352 --- [restartedMain] o.s.b.w.embedded.tomcat.TomcatWebServer  : Tomcat started on port(s): 3010 (http) with context path ''
2022-03-30 14:26:49.286  INFO 27352 --- [restartedMain] .s.c.n.e.s.EurekaAutoServiceRegistration : Updating port to 3010
2022-03-30 14:26:49.316  INFO 27352 --- [DiscoveryClient-InstanceInfoReplicator-0] com.netflix.discovery.DiscoveryClient    : DiscoveryClient_POST-SERVICE/MAVCHN0821151.mavericsystems.lan:post-service:3010 - registration status: 204
2022-03-30 14:26:49.755  INFO 27352 --- [restartedMain] c.e.postservice.PostServiceApplication   : Started PostServiceApplication in 9.68 seconds (JVM running for 10.905)
2022-03-30 14:26:54.489  INFO 27352 --- [http-nio-3010-exec-1] o.a.c.c.C.[Tomcat].[localhost].[/]       : Initializing Spring DispatcherServlet 'dispatcherServlet'
2022-03-30 14:26:54.489  INFO 27352 --- [http-nio-3010-exec-1] o.s.web.servlet.DispatcherServlet        : Initializing Servlet 'dispatcherServlet'
2022-03-30 14:26:54.491  INFO 27352 --- [http-nio-3010-exec-1] o.s.web.servlet.DispatcherServlet        : Completed initialization in 2 ms
2022-03-30 14:26:54.518  INFO 27352 --- [http-nio-3010-exec-1] c.e.p.controller.PostController          : Starting of getPosts request from post application
2022-03-30 14:26:54.581  INFO 27352 --- [http-nio-3010-exec-1] org.mongodb.driver.connection            : Opened connection [connectionId{localValue:3, serverValue:35}] to localhost:27017
2022-03-30 14:26:54.806  WARN 27352 --- [http-nio-3010-exec-1] o.s.c.l.core.RoundRobinLoadBalancer      : No servers available for service: comment-service
2022-03-30 14:26:54.807  WARN 27352 --- [http-nio-3010-exec-1] .s.c.o.l.FeignBlockingLoadBalancerClient : Load balancer does not contain an instance for the service comment-service
2022-03-30 14:26:54.832 ERROR 27352 --- [http-nio-3010-exec-1] o.a.c.c.C.[.[.[/].[dispatcherServlet]    : Servlet.service() for servlet [dispatcherServlet] in context with path [] threw exception [Request processing failed; nested exception is feign.FeignException$ServiceUnavailable: [503] during [GET] to [http://comment-service/api/v1/posts/6243448e3bd0d945eafafdd0/comments/count] [CommentFeignClient#getCommentCount(String)]: [Load balancer does not contain an instance for the service comment-service]] with root cause

feign.FeignException$ServiceUnavailable: [503] during [GET] to [http://comment-service/api/v1/posts/6243448e3bd0d945eafafdd0/comments/count] [CommentFeignClient#getCommentCount(String)]: [Load balancer does not contain an instance for the service comment-service]
	at feign.FeignException.serverErrorStatus(FeignException.java:256) ~[feign-core-11.7.jar:na]
	at feign.FeignException.errorStatus(FeignException.java:197) ~[feign-core-11.7.jar:na]
	at feign.FeignException.errorStatus(FeignException.java:185) ~[feign-core-11.7.jar:na]
	at feign.codec.ErrorDecoder$Default.decode(ErrorDecoder.java:92) ~[feign-core-11.7.jar:na]
	at feign.AsyncResponseHandler.handleResponse(AsyncResponseHandler.java:96) ~[feign-core-11.7.jar:na]
	at feign.SynchronousMethodHandler.executeAndDecode(SynchronousMethodHandler.java:138) ~[feign-core-11.7.jar:na]
	at feign.SynchronousMethodHandler.invoke(SynchronousMethodHandler.java:89) ~[feign-core-11.7.jar:na]
	at feign.ReflectiveFeign$FeignInvocationHandler.invoke(ReflectiveFeign.java:100) ~[feign-core-11.7.jar:na]
	at com.sun.proxy.$Proxy100.getCommentCount(Unknown Source) ~[na:na]
	at com.example.postservice.service.PostServiceImpl.getPosts(PostServiceImpl.java:64) ~[classes/:na]
	at com.example.postservice.controller.PostController.getPosts(PostController.java:43) ~[classes/:na]
	at sun.reflect.NativeMethodAccessorImpl.invoke0(Native Method) ~[na:1.8.0_261]
	at sun.reflect.NativeMethodAccessorImpl.invoke(NativeMethodAccessorImpl.java:62) ~[na:1.8.0_261]
	at sun.reflect.DelegatingMethodAccessorImpl.invoke(DelegatingMethodAccessorImpl.java:43) ~[na:1.8.0_261]
	at java.lang.reflect.Method.invoke(Method.java:498) ~[na:1.8.0_261]
	at org.springframework.web.method.support.InvocableHandlerMethod.doInvoke(InvocableHandlerMethod.java:205) ~[spring-web-5.3.16.jar:5.3.16]
	at org.springframework.web.method.support.InvocableHandlerMethod.invokeForRequest(InvocableHandlerMethod.java:150) ~[spring-web-5.3.16.jar:5.3.16]
	at org.springframework.web.servlet.mvc.method.annotation.ServletInvocableHandlerMethod.invokeAndHandle(ServletInvocableHandlerMethod.java:117) ~[spring-webmvc-5.3.16.jar:5.3.16]
	at org.springframework.web.servlet.mvc.method.annotation.RequestMappingHandlerAdapter.invokeHandlerMethod(RequestMappingHandlerAdapter.java:895) ~[spring-webmvc-5.3.16.jar:5.3.16]
	at org.springframework.web.servlet.mvc.method.annotation.RequestMappingHandlerAdapter.handleInternal(RequestMappingHandlerAdapter.java:808) ~[spring-webmvc-5.3.16.jar:5.3.16]
	at org.springframework.web.servlet.mvc.method.AbstractHandlerMethodAdapter.handle(AbstractHandlerMethodAdapter.java:87) ~[spring-webmvc-5.3.16.jar:5.3.16]
	at org.springframework.web.servlet.DispatcherServlet.doDispatch(DispatcherServlet.java:1067) ~[spring-webmvc-5.3.16.jar:5.3.16]
	at org.springframework.web.servlet.DispatcherServlet.doService(DispatcherServlet.java:963) ~[spring-webmvc-5.3.16.jar:5.3.16]
	at org.springframework.web.servlet.FrameworkServlet.processRequest(FrameworkServlet.java:1006) ~[spring-webmvc-5.3.16.jar:5.3.16]
	at org.springframework.web.servlet.FrameworkServlet.doGet(FrameworkServlet.java:898) ~[spring-webmvc-5.3.16.jar:5.3.16]
	at javax.servlet.http.HttpServlet.service(HttpServlet.java:655) ~[tomcat-embed-core-9.0.58.jar:4.0.FR]
	at org.springframework.web.servlet.FrameworkServlet.service(FrameworkServlet.java:883) ~[spring-webmvc-5.3.16.jar:5.3.16]
	at javax.servlet.http.HttpServlet.service(HttpServlet.java:764) ~[tomcat-embed-core-9.0.58.jar:4.0.FR]
	at org.apache.catalina.core.ApplicationFilterChain.internalDoFilter(ApplicationFilterChain.java:227) ~[tomcat-embed-core-9.0.58.jar:9.0.58]
	at org.apache.catalina.core.ApplicationFilterChain.doFilter(ApplicationFilterChain.java:162) ~[tomcat-embed-core-9.0.58.jar:9.0.58]
	at org.apache.tomcat.websocket.server.WsFilter.doFilter(WsFilter.java:53) ~[tomcat-embed-websocket-9.0.58.jar:9.0.58]
	at org.apache.catalina.core.ApplicationFilterChain.internalDoFilter(ApplicationFilterChain.java:189) ~[tomcat-embed-core-9.0.58.jar:9.0.58]
	at org.apache.catalina.core.ApplicationFilterChain.doFilter(ApplicationFilterChain.java:162) ~[tomcat-embed-core-9.0.58.jar:9.0.58]
	at org.springframework.web.filter.RequestContextFilter.doFilterInternal(RequestContextFilter.java:100) ~[spring-web-5.3.16.jar:5.3.16]
	at org.springframework.web.filter.OncePerRequestFilter.doFilter(OncePerRequestFilter.java:117) ~[spring-web-5.3.16.jar:5.3.16]
	at org.apache.catalina.core.ApplicationFilterChain.internalDoFilter(ApplicationFilterChain.java:189) ~[tomcat-embed-core-9.0.58.jar:9.0.58]
	at org.apache.catalina.core.ApplicationFilterChain.doFilter(ApplicationFilterChain.java:162) ~[tomcat-embed-core-9.0.58.jar:9.0.58]
	at org.springframework.web.filter.FormContentFilter.doFilterInternal(FormContentFilter.java:93) ~[spring-web-5.3.16.jar:5.3.16]
	at org.springframework.web.filter.OncePerRequestFilter.doFilter(OncePerRequestFilter.java:117) ~[spring-web-5.3.16.jar:5.3.16]
	at org.apache.catalina.core.ApplicationFilterChain.internalDoFilter(ApplicationFilterChain.java:189) ~[tomcat-embed-core-9.0.58.jar:9.0.58]
	at org.apache.catalina.core.ApplicationFilterChain.doFilter(ApplicationFilterChain.java:162) ~[tomcat-embed-core-9.0.58.jar:9.0.58]
	at org.springframework.web.filter.CharacterEncodingFilter.doFilterInternal(CharacterEncodingFilter.java:201) ~[spring-web-5.3.16.jar:5.3.16]
	at org.springframework.web.filter.OncePerRequestFilter.doFilter(OncePerRequestFilter.java:117) ~[spring-web-5.3.16.jar:5.3.16]
	at org.apache.catalina.core.ApplicationFilterChain.internalDoFilter(ApplicationFilterChain.java:189) ~[tomcat-embed-core-9.0.58.jar:9.0.58]
	at org.apache.catalina.core.ApplicationFilterChain.doFilter(ApplicationFilterChain.java:162) ~[tomcat-embed-core-9.0.58.jar:9.0.58]
	at org.apache.catalina.core.StandardWrapperValve.invoke(StandardWrapperValve.java:197) ~[tomcat-embed-core-9.0.58.jar:9.0.58]
	at org.apache.catalina.core.StandardContextValve.invoke(StandardContextValve.java:97) [tomcat-embed-core-9.0.58.jar:9.0.58]
	at org.apache.catalina.authenticator.AuthenticatorBase.invoke(AuthenticatorBase.java:540) [tomcat-embed-core-9.0.58.jar:9.0.58]
	at org.apache.catalina.core.StandardHostValve.invoke(StandardHostValve.java:135) [tomcat-embed-core-9.0.58.jar:9.0.58]
	at org.apache.catalina.valves.ErrorReportValve.invoke(ErrorReportValve.java:92) [tomcat-embed-core-9.0.58.jar:9.0.58]
	at org.apache.catalina.core.StandardEngineValve.invoke(StandardEngineValve.java:78) [tomcat-embed-core-9.0.58.jar:9.0.58]
	at org.apache.catalina.connector.CoyoteAdapter.service(CoyoteAdapter.java:359) [tomcat-embed-core-9.0.58.jar:9.0.58]
	at org.apache.coyote.http11.Http11Processor.service(Http11Processor.java:399) [tomcat-embed-core-9.0.58.jar:9.0.58]
	at org.apache.coyote.AbstractProcessorLight.process(AbstractProcessorLight.java:65) [tomcat-embed-core-9.0.58.jar:9.0.58]
	at org.apache.coyote.AbstractProtocol$ConnectionHandler.process(AbstractProtocol.java:889) [tomcat-embed-core-9.0.58.jar:9.0.58]
	at org.apache.tomcat.util.net.NioEndpoint$SocketProcessor.doRun(NioEndpoint.java:1735) [tomcat-embed-core-9.0.58.jar:9.0.58]
	at org.apache.tomcat.util.net.SocketProcessorBase.run(SocketProcessorBase.java:49) [tomcat-embed-core-9.0.58.jar:9.0.58]
	at org.apache.tomcat.util.threads.ThreadPoolExecutor.runWorker(ThreadPoolExecutor.java:1191) [tomcat-embed-core-9.0.58.jar:9.0.58]
	at org.apache.tomcat.util.threads.ThreadPoolExecutor$Worker.run(ThreadPoolExecutor.java:659) [tomcat-embed-core-9.0.58.jar:9.0.58]
	at org.apache.tomcat.util.threads.TaskThread$WrappingRunnable.run(TaskThread.java:61) [tomcat-embed-core-9.0.58.jar:9.0.58]
	at java.lang.Thread.run(Thread.java:748) [na:1.8.0_261]

2022-03-30 14:31:48.387  INFO 27352 --- [AsyncResolver-bootstrap-executor-0] c.n.d.s.r.aws.ConfigClusterResolver      : Resolving eureka endpoints via configuration
2022-03-30 14:32:47.988  INFO 27352 --- [SpringApplicationShutdownHook] o.s.c.n.e.s.EurekaServiceRegistry        : Unregistering application POST-SERVICE with eureka with status DOWN
2022-03-30 14:32:47.988  INFO 27352 --- [SpringApplicationShutdownHook] com.netflix.discovery.DiscoveryClient    : Saw local status change event StatusChangeEvent [timestamp=1648630967988, current=DOWN, previous=UP]
2022-03-30 14:32:47.988  INFO 27352 --- [DiscoveryClient-InstanceInfoReplicator-0] com.netflix.discovery.DiscoveryClient    : DiscoveryClient_POST-SERVICE/MAVCHN0821151.mavericsystems.lan:post-service:3010: registering service...
2022-03-30 14:32:48.001  INFO 27352 --- [DiscoveryClient-InstanceInfoReplicator-0] com.netflix.discovery.DiscoveryClient    : DiscoveryClient_POST-SERVICE/MAVCHN0821151.mavericsystems.lan:post-service:3010 - registration status: 204
2022-03-30 14:32:48.314  INFO 27352 --- [SpringApplicationShutdownHook] com.netflix.discovery.DiscoveryClient    : Shutting down DiscoveryClient ...
2022-03-30 14:32:51.318  WARN 27352 --- [DiscoveryClient-0] c.netflix.discovery.TimedSupervisorTask  : task supervisor shutting down, can't accept the task
2022-03-30 14:32:51.320  INFO 27352 --- [SpringApplicationShutdownHook] com.netflix.discovery.DiscoveryClient    : Unregistering ...
2022-03-30 14:32:51.323  INFO 27352 --- [SpringApplicationShutdownHook] com.netflix.discovery.DiscoveryClient    : DiscoveryClient_POST-SERVICE/MAVCHN0821151.mavericsystems.lan:post-service:3010 - deregister  status: 200
2022-03-30 14:32:51.327  INFO 27352 --- [SpringApplicationShutdownHook] com.netflix.discovery.DiscoveryClient    : Completed shut down of DiscoveryClient
2022-03-30 14:32:56.508  INFO 25184 --- [restartedMain] c.e.postservice.PostServiceApplication   : Starting PostServiceApplication using Java 1.8.0_261 on MAVCHN0821151 with PID 25184 (C:\Users\divyabharathic\Documents\Trainingdocuments\SpringAssesment_test\SpringFinaldemo\post-service\post-service\target\classes started by divyabharathic in C:\Users\divyabharathic\Documents\Trainingdocuments\SpringAssesment_test\SpringFinaldemo\post-service)
2022-03-30 14:32:56.510  INFO 25184 --- [restartedMain] c.e.postservice.PostServiceApplication   : No active profile set, falling back to 1 default profile: "default"
2022-03-30 14:32:56.568  INFO 25184 --- [restartedMain] .e.DevToolsPropertyDefaultsPostProcessor : Devtools property defaults active! Set 'spring.devtools.add-properties' to 'false' to disable
2022-03-30 14:32:56.568  INFO 25184 --- [restartedMain] .e.DevToolsPropertyDefaultsPostProcessor : For additional web related logging consider setting the 'logging.level.web' property to 'DEBUG'
2022-03-30 14:32:57.402  INFO 25184 --- [restartedMain] .s.d.r.c.RepositoryConfigurationDelegate : Bootstrapping Spring Data MongoDB repositories in DEFAULT mode.
2022-03-30 14:32:57.613  INFO 25184 --- [restartedMain] .s.d.r.c.RepositoryConfigurationDelegate : Finished Spring Data repository scanning in 204 ms. Found 1 MongoDB repository interfaces.
2022-03-30 14:32:57.984  INFO 25184 --- [restartedMain] o.s.cloud.context.scope.GenericScope     : BeanFactory id=dbac587b-0bac-3065-8b9c-08b611d611c9
2022-03-30 14:32:58.928  INFO 25184 --- [restartedMain] o.s.b.w.embedded.tomcat.TomcatWebServer  : Tomcat initialized with port(s): 3010 (http)
2022-03-30 14:32:58.938  INFO 25184 --- [restartedMain] o.apache.catalina.core.StandardService   : Starting service [Tomcat]
2022-03-30 14:32:58.938  INFO 25184 --- [restartedMain] org.apache.catalina.core.StandardEngine  : Starting Servlet engine: [Apache Tomcat/9.0.58]
2022-03-30 14:32:59.070  INFO 25184 --- [restartedMain] o.a.c.c.C.[Tomcat].[localhost].[/]       : Initializing Spring embedded WebApplicationContext
2022-03-30 14:32:59.071  INFO 25184 --- [restartedMain] w.s.c.ServletWebServerApplicationContext : Root WebApplicationContext: initialization completed in 2502 ms
2022-03-30 14:32:59.349  INFO 25184 --- [restartedMain] org.mongodb.driver.cluster               : Cluster created with settings {hosts=[localhost:27017], mode=SINGLE, requiredClusterType=UNKNOWN, serverSelectionTimeout='30000 ms'}
2022-03-30 14:32:59.429  INFO 25184 --- [cluster-ClusterId{value='62441cc3631b1618e7c926ab', description='null'}-localhost:27017] org.mongodb.driver.connection            : Opened connection [connectionId{localValue:2, serverValue:46}] to localhost:27017
2022-03-30 14:32:59.429  INFO 25184 --- [cluster-rtt-ClusterId{value='62441cc3631b1618e7c926ab', description='null'}-localhost:27017] org.mongodb.driver.connection            : Opened connection [connectionId{localValue:1, serverValue:47}] to localhost:27017
2022-03-30 14:32:59.430  INFO 25184 --- [cluster-ClusterId{value='62441cc3631b1618e7c926ab', description='null'}-localhost:27017] org.mongodb.driver.cluster               : Monitor thread successfully connected to server with description ServerDescription{address=localhost:27017, type=STANDALONE, state=CONNECTED, ok=true, minWireVersion=0, maxWireVersion=13, maxDocumentSize=16777216, logicalSessionTimeoutMinutes=30, roundTripTimeNanos=23073800}
2022-03-30 14:32:59.481  WARN 25184 --- [restartedMain] o.s.data.convert.CustomConversions       : Registering converter from class java.time.LocalDateTime to class org.joda.time.LocalDateTime as reading converter although it doesn't convert from a store-supported type! You might want to check your annotation setup at the converter implementation.
2022-03-30 14:32:59.570  WARN 25184 --- [restartedMain] o.s.b.d.a.OptionalLiveReloadServer       : Unable to start LiveReload server
2022-03-30 14:32:59.632  WARN 25184 --- [restartedMain] o.s.data.convert.CustomConversions       : Registering converter from class java.time.LocalDateTime to class org.joda.time.LocalDateTime as reading converter although it doesn't convert from a store-supported type! You might want to check your annotation setup at the converter implementation.
2022-03-30 14:33:00.104  INFO 25184 --- [restartedMain] o.s.c.openfeign.FeignClientFactoryBean   : For 'comment-service' URL not provided. Will try picking an instance via load-balancing.
2022-03-30 14:33:00.172  INFO 25184 --- [restartedMain] o.s.c.openfeign.FeignClientFactoryBean   : For 'like-service' URL not provided. Will try picking an instance via load-balancing.
2022-03-30 14:33:00.195  INFO 25184 --- [restartedMain] o.s.c.openfeign.FeignClientFactoryBean   : For 'user-service' URL not provided. Will try picking an instance via load-balancing.
2022-03-30 14:33:01.147  INFO 25184 --- [restartedMain] DiscoveryClientOptionalArgsConfiguration : Eureka HTTP Client uses RestTemplate.
2022-03-30 14:33:01.741  WARN 25184 --- [restartedMain] iguration$LoadBalancerCaffeineWarnLogger : Spring Cloud LoadBalancer is currently working with the default cache. While this cache implementation is useful for development and tests, it's recommended to use Caffeine cache in production.You can switch to using Caffeine cache, by adding it and org.springframework.cache.caffeine.CaffeineCacheManager to the classpath.
2022-03-30 14:33:01.770  INFO 25184 --- [restartedMain] o.s.c.n.eureka.InstanceInfoFactory       : Setting initial instance status as: STARTING
2022-03-30 14:33:01.861  INFO 25184 --- [restartedMain] com.netflix.discovery.DiscoveryClient    : Initializing Eureka in region us-east-1
2022-03-30 14:33:01.870  INFO 25184 --- [restartedMain] c.n.d.s.r.aws.ConfigClusterResolver      : Resolving eureka endpoints via configuration
2022-03-30 14:33:01.896  INFO 25184 --- [restartedMain] com.netflix.discovery.DiscoveryClient    : Disable delta property : false
2022-03-30 14:33:01.897  INFO 25184 --- [restartedMain] com.netflix.discovery.DiscoveryClient    : Single vip registry refresh property : null
2022-03-30 14:33:01.897  INFO 25184 --- [restartedMain] com.netflix.discovery.DiscoveryClient    : Force full registry fetch : false
2022-03-30 14:33:01.897  INFO 25184 --- [restartedMain] com.netflix.discovery.DiscoveryClient    : Application is null : false
2022-03-30 14:33:01.897  INFO 25184 --- [restartedMain] com.netflix.discovery.DiscoveryClient    : Registered Applications size is zero : true
2022-03-30 14:33:01.897  INFO 25184 --- [restartedMain] com.netflix.discovery.DiscoveryClient    : Application version is -1: true
2022-03-30 14:33:01.897  INFO 25184 --- [restartedMain] com.netflix.discovery.DiscoveryClient    : Getting all instance registry info from the eureka server
2022-03-30 14:33:02.711  INFO 25184 --- [restartedMain] com.netflix.discovery.DiscoveryClient    : The response status is 200
2022-03-30 14:33:02.714  INFO 25184 --- [restartedMain] com.netflix.discovery.DiscoveryClient    : Starting heartbeat executor: renew interval is: 30
2022-03-30 14:33:02.717  INFO 25184 --- [restartedMain] c.n.discovery.InstanceInfoReplicator     : InstanceInfoReplicator onDemand update allowed rate per min is 4
2022-03-30 14:33:02.724  INFO 25184 --- [restartedMain] com.netflix.discovery.DiscoveryClient    : Discovery Client initialized at timestamp 1648630982723 with initial instances count: 3
2022-03-30 14:33:02.726  INFO 25184 --- [restartedMain] o.s.c.n.e.s.EurekaServiceRegistry        : Registering application POST-SERVICE with eureka with status UP
2022-03-30 14:33:02.727  INFO 25184 --- [restartedMain] com.netflix.discovery.DiscoveryClient    : Saw local status change event StatusChangeEvent [timestamp=1648630982727, current=UP, previous=STARTING]
2022-03-30 14:33:02.729  INFO 25184 --- [DiscoveryClient-InstanceInfoReplicator-0] com.netflix.discovery.DiscoveryClient    : DiscoveryClient_POST-SERVICE/MAVCHN0821151.mavericsystems.lan:post-service:3010: registering service...
2022-03-30 14:33:02.759  INFO 25184 --- [restartedMain] o.s.b.w.embedded.tomcat.TomcatWebServer  : Tomcat started on port(s): 3010 (http) with context path ''
2022-03-30 14:33:02.760  INFO 25184 --- [restartedMain] .s.c.n.e.s.EurekaAutoServiceRegistration : Updating port to 3010
2022-03-30 14:33:02.791  INFO 25184 --- [DiscoveryClient-InstanceInfoReplicator-0] com.netflix.discovery.DiscoveryClient    : DiscoveryClient_POST-SERVICE/MAVCHN0821151.mavericsystems.lan:post-service:3010 - registration status: 204
2022-03-30 14:33:03.256  INFO 25184 --- [restartedMain] c.e.postservice.PostServiceApplication   : Started PostServiceApplication in 7.916 seconds (JVM running for 8.965)
2022-03-30 14:33:10.556  INFO 25184 --- [http-nio-3010-exec-2] o.a.c.c.C.[Tomcat].[localhost].[/]       : Initializing Spring DispatcherServlet 'dispatcherServlet'
2022-03-30 14:33:10.557  INFO 25184 --- [http-nio-3010-exec-2] o.s.web.servlet.DispatcherServlet        : Initializing Servlet 'dispatcherServlet'
2022-03-30 14:33:10.558  INFO 25184 --- [http-nio-3010-exec-2] o.s.web.servlet.DispatcherServlet        : Completed initialization in 1 ms
2022-03-30 14:33:10.587  INFO 25184 --- [http-nio-3010-exec-2] c.e.p.controller.PostController          : Starting of getPosts request from post application
2022-03-30 14:33:10.653  INFO 25184 --- [http-nio-3010-exec-2] org.mongodb.driver.connection            : Opened connection [connectionId{localValue:3, serverValue:48}] to localhost:27017
2022-03-30 14:38:01.908  INFO 25184 --- [AsyncResolver-bootstrap-executor-0] c.n.d.s.r.aws.ConfigClusterResolver      : Resolving eureka endpoints via configuration
2022-03-30 14:43:01.926  INFO 25184 --- [AsyncResolver-bootstrap-executor-0] c.n.d.s.r.aws.ConfigClusterResolver      : Resolving eureka endpoints via configuration
2022-03-30 14:48:01.932  INFO 25184 --- [AsyncResolver-bootstrap-executor-0] c.n.d.s.r.aws.ConfigClusterResolver      : Resolving eureka endpoints via configuration
2022-03-30 14:53:01.943  INFO 25184 --- [AsyncResolver-bootstrap-executor-0] c.n.d.s.r.aws.ConfigClusterResolver      : Resolving eureka endpoints via configuration
2022-03-30 14:58:01.950  INFO 25184 --- [AsyncResolver-bootstrap-executor-0] c.n.d.s.r.aws.ConfigClusterResolver      : Resolving eureka endpoints via configuration
2022-03-30 15:03:01.962  INFO 25184 --- [AsyncResolver-bootstrap-executor-0] c.n.d.s.r.aws.ConfigClusterResolver      : Resolving eureka endpoints via configuration
2022-03-30 15:08:01.978  INFO 25184 --- [AsyncResolver-bootstrap-executor-0] c.n.d.s.r.aws.ConfigClusterResolver      : Resolving eureka endpoints via configuration
2022-03-30 15:13:01.980  INFO 25184 --- [AsyncResolver-bootstrap-executor-0] c.n.d.s.r.aws.ConfigClusterResolver      : Resolving eureka endpoints via configuration
2022-03-30 15:18:01.983  INFO 25184 --- [AsyncResolver-bootstrap-executor-0] c.n.d.s.r.aws.ConfigClusterResolver      : Resolving eureka endpoints via configuration
2022-03-30 15:23:01.998  INFO 25184 --- [AsyncResolver-bootstrap-executor-0] c.n.d.s.r.aws.ConfigClusterResolver      : Resolving eureka endpoints via configuration
2022-03-30 15:28:02.009  INFO 25184 --- [AsyncResolver-bootstrap-executor-0] c.n.d.s.r.aws.ConfigClusterResolver      : Resolving eureka endpoints via configuration
2022-03-30 15:33:02.025  INFO 25184 --- [AsyncResolver-bootstrap-executor-0] c.n.d.s.r.aws.ConfigClusterResolver      : Resolving eureka endpoints via configuration
2022-03-30 15:38:02.032  INFO 25184 --- [AsyncResolver-bootstrap-executor-0] c.n.d.s.r.aws.ConfigClusterResolver      : Resolving eureka endpoints via configuration
2022-03-30 15:43:02.039  INFO 25184 --- [AsyncResolver-bootstrap-executor-0] c.n.d.s.r.aws.ConfigClusterResolver      : Resolving eureka endpoints via configuration
2022-03-30 15:48:02.042  INFO 25184 --- [AsyncResolver-bootstrap-executor-0] c.n.d.s.r.aws.ConfigClusterResolver      : Resolving eureka endpoints via configuration
2022-03-30 15:53:02.048  INFO 25184 --- [AsyncResolver-bootstrap-executor-0] c.n.d.s.r.aws.ConfigClusterResolver      : Resolving eureka endpoints via configuration
2022-03-30 15:58:02.052  INFO 25184 --- [AsyncResolver-bootstrap-executor-0] c.n.d.s.r.aws.ConfigClusterResolver      : Resolving eureka endpoints via configuration
2022-03-30 16:03:02.067  INFO 25184 --- [AsyncResolver-bootstrap-executor-0] c.n.d.s.r.aws.ConfigClusterResolver      : Resolving eureka endpoints via configuration
